<?xml version="1.0" encoding="UTF-8"?>
<!-- Generated by org.testng.reporters.JUnitXMLReporter -->
<testsuite hostname="Khosruzs-MacBook-Pro.local" ignored="0" name="Default test" tests="4" failures="0" timestamp="2019-12-01T17:42:03 EST" time="38.956" errors="0">
  <testcase name="logOut" time="10.162" classname="com.Runner.SmockRunTestNG"/>
  <testcase name="login" time="8.639" classname="com.Runner.SmockRunTestNG"/>
  <testcase name="myAccount" time="10.564" classname="com.Runner.SmockRunTestNG"/>
  <testcase name="signUP" time="8.998" classname="com.Runner.SmockRunTestNG"/>
</testsuite> <!-- Default test -->
