<?xml version="1.0" encoding="UTF-8"?>
<testng-results skipped="0" failed="0" ignored="0" total="4" passed="4">
  <reporter-output>
  </reporter-output>
  <suite name="Default suite" duration-ms="38956" started-at="2019-12-01T17:41:24 EST" finished-at="2019-12-01T17:42:03 EST">
    <groups>
    </groups>
    <test name="Default test" duration-ms="38956" started-at="2019-12-01T17:41:24 EST" finished-at="2019-12-01T17:42:03 EST">
      <class name="com.Runner.SmockRunTestNG">
        <test-method status="PASS" signature="testStartUp()[pri:0, instance:com.Runner.SmockRunTestNG@22a67b4]" name="testStartUp" is-config="true" duration-ms="13" started-at="2019-12-01T17:41:24 EST" finished-at="2019-12-01T17:41:25 EST">
          <reporter-output>
          </reporter-output>
        </test-method> <!-- testStartUp -->
        <test-method status="PASS" signature="rampUp()[pri:0, instance:com.Runner.SmockRunTestNG@22a67b4]" name="rampUp" is-config="true" duration-ms="1" started-at="2019-12-01T17:41:25 EST" finished-at="2019-12-01T17:41:25 EST">
          <reporter-output>
          </reporter-output>
        </test-method> <!-- rampUp -->
        <test-method status="PASS" signature="logOut()[pri:0, instance:com.Runner.SmockRunTestNG@22a67b4]" name="logOut" duration-ms="10162" started-at="2019-12-01T17:41:25 EST" finished-at="2019-12-01T17:41:35 EST">
          <reporter-output>
          </reporter-output>
        </test-method> <!-- logOut -->
        <test-method status="PASS" signature="rampdown()[pri:0, instance:com.Runner.SmockRunTestNG@22a67b4]" name="rampdown" is-config="true" duration-ms="125" started-at="2019-12-01T17:41:35 EST" finished-at="2019-12-01T17:41:35 EST">
          <reporter-output>
          </reporter-output>
        </test-method> <!-- rampdown -->
        <test-method status="PASS" signature="rampUp()[pri:0, instance:com.Runner.SmockRunTestNG@22a67b4]" name="rampUp" is-config="true" duration-ms="0" started-at="2019-12-01T17:41:35 EST" finished-at="2019-12-01T17:41:35 EST">
          <reporter-output>
          </reporter-output>
        </test-method> <!-- rampUp -->
        <test-method status="PASS" signature="login()[pri:0, instance:com.Runner.SmockRunTestNG@22a67b4]" name="login" duration-ms="8639" started-at="2019-12-01T17:41:35 EST" finished-at="2019-12-01T17:41:43 EST">
          <reporter-output>
          </reporter-output>
        </test-method> <!-- login -->
        <test-method status="PASS" signature="rampdown()[pri:0, instance:com.Runner.SmockRunTestNG@22a67b4]" name="rampdown" is-config="true" duration-ms="136" started-at="2019-12-01T17:41:43 EST" finished-at="2019-12-01T17:41:44 EST">
          <reporter-output>
          </reporter-output>
        </test-method> <!-- rampdown -->
        <test-method status="PASS" signature="myAccount()[pri:0, instance:com.Runner.SmockRunTestNG@22a67b4]" name="myAccount" duration-ms="10564" started-at="2019-12-01T17:41:44 EST" finished-at="2019-12-01T17:41:54 EST">
          <reporter-output>
          </reporter-output>
        </test-method> <!-- myAccount -->
        <test-method status="PASS" signature="rampUp()[pri:0, instance:com.Runner.SmockRunTestNG@22a67b4]" name="rampUp" is-config="true" duration-ms="0" started-at="2019-12-01T17:41:44 EST" finished-at="2019-12-01T17:41:44 EST">
          <reporter-output>
          </reporter-output>
        </test-method> <!-- rampUp -->
        <test-method status="PASS" signature="rampdown()[pri:0, instance:com.Runner.SmockRunTestNG@22a67b4]" name="rampdown" is-config="true" duration-ms="131" started-at="2019-12-01T17:41:54 EST" finished-at="2019-12-01T17:41:54 EST">
          <reporter-output>
          </reporter-output>
        </test-method> <!-- rampdown -->
        <test-method status="PASS" signature="rampUp()[pri:0, instance:com.Runner.SmockRunTestNG@22a67b4]" name="rampUp" is-config="true" duration-ms="0" started-at="2019-12-01T17:41:54 EST" finished-at="2019-12-01T17:41:54 EST">
          <reporter-output>
          </reporter-output>
        </test-method> <!-- rampUp -->
        <test-method status="PASS" signature="signUP()[pri:0, instance:com.Runner.SmockRunTestNG@22a67b4]" name="signUP" duration-ms="8998" started-at="2019-12-01T17:41:54 EST" finished-at="2019-12-01T17:42:03 EST">
          <reporter-output>
          </reporter-output>
        </test-method> <!-- signUP -->
        <test-method status="PASS" signature="rampdown()[pri:0, instance:com.Runner.SmockRunTestNG@22a67b4]" name="rampdown" is-config="true" duration-ms="144" started-at="2019-12-01T17:42:03 EST" finished-at="2019-12-01T17:42:03 EST">
          <reporter-output>
          </reporter-output>
        </test-method> <!-- rampdown -->
        <test-method status="PASS" signature="testCompleted()[pri:0, instance:com.Runner.SmockRunTestNG@22a67b4]" name="testCompleted" is-config="true" duration-ms="1" started-at="2019-12-01T17:42:03 EST" finished-at="2019-12-01T17:42:03 EST">
          <reporter-output>
          </reporter-output>
        </test-method> <!-- testCompleted -->
      </class> <!-- com.Runner.SmockRunTestNG -->
    </test> <!-- Default test -->
  </suite> <!-- Default suite -->
</testng-results>
